# JRE version: Java(TM) SE Runtime Environment (8.0_131-b11) (build 1.8.0_131-b11)
# Java VM: Java HotSpot(TM) 64-Bit Server VM (25.131-b11 mixed mode windows-amd64 compressed oops)
Heap:
 PSYoungGen      total 131072K, used 12066K [0x00000000d7100000, 0x00000000e0280000, 0x0000000100000000)
  eden space 120320K, 10% used [0x00000000d7100000,0x00000000d7cc8a30,0x00000000de680000)
  from space 10752K, 0% used [0x00000000df800000,0x00000000df800000,0x00000000e0280000)
  to   space 14336K, 0% used [0x00000000de680000,0x00000000de680000,0x00000000df480000)
 ParOldGen       total 93696K, used 19135K [0x0000000085200000, 0x000000008ad80000, 0x00000000d7100000)
  object space 93696K, 20% used [0x0000000085200000,0x00000000864afc08,0x000000008ad80000)
 Metaspace       used 34896K, capacity 36460K, committed 36736K, reserved 1081344K
  class space    used 4624K, capacity 4910K, committed 4992K, reserved 1048576K
GC Heap History (10 events):
Event: 9.559 GC heap before
{Heap before GC invocations=6 (full 1):
 PSYoungGen      total 56320K, used 56317K [0x00000000d7100000, 0x00000000db900000, 0x0000000100000000)
  eden space 51200K, 100% used [0x00000000d7100000,0x00000000da300000,0x00000000da300000)
  from space 5120K, 99% used [0x00000000db400000,0x00000000db8ff7f0,0x00000000db900000)
  to   space 5120K, 0% used [0x00000000daf00000,0x00000000daf00000,0x00000000db400000)
 ParOldGen       total 57856K, used 10111K [0x0000000085200000, 0x0000000088a80000, 0x00000000d7100000)
  object space 57856K, 17% used [0x0000000085200000,0x0000000085bdfce0,0x0000000088a80000)
 Metaspace       used 25293K, capacity 26190K, committed 26496K, reserved 1073152K
  class space    used 3432K, capacity 3637K, committed 3712K, reserved 1048576K
Event: 9.573 GC heap after
Heap after GC invocations=6 (full 1):
 PSYoungGen      total 68608K, used 5119K [0x00000000d7100000, 0x00000000dd600000, 0x0000000100000000)
  eden space 63488K, 0% used [0x00000000d7100000,0x00000000d7100000,0x00000000daf00000)
  from space 5120K, 99% used [0x00000000daf00000,0x00000000db3ffee0,0x00000000db400000)
  to   space 10752K, 0% used [0x00000000dcb80000,0x00000000dcb80000,0x00000000dd600000)
 ParOldGen       total 57856K, used 14834K [0x0000000085200000, 0x0000000088a80000, 0x00000000d7100000)
  object space 57856K, 25% used [0x0000000085200000,0x000000008607ca98,0x0000000088a80000)
 Metaspace       used 25293K, capacity 26190K, committed 26496K, reserved 1073152K
  class space    used 3432K, capacity 3637K, committed 3712K, reserved 1048576K
}
Event: 11.189 GC heap before
{Heap before GC invocations=7 (full 1):
 PSYoungGen      total 68608K, used 68607K [0x00000000d7100000, 0x00000000dd600000, 0x0000000100000000)
  eden space 63488K, 100% used [0x00000000d7100000,0x00000000daf00000,0x00000000daf00000)
  from space 5120K, 99% used [0x00000000daf00000,0x00000000db3ffee0,0x00000000db400000)
  to   space 10752K, 0% used [0x00000000dcb80000,0x00000000dcb80000,0x00000000dd600000)
 ParOldGen       total 57856K, used 14834K [0x0000000085200000, 0x0000000088a80000, 0x00000000d7100000)
  object space 57856K, 25% used [0x0000000085200000,0x000000008607ca98,0x0000000088a80000)
 Metaspace       used 28789K, capacity 30052K, committed 30336K, reserved 1075200K
  class space    used 3880K, capacity 4138K, committed 4224K, reserved 1048576K
Event: 11.202 GC heap after
Heap after GC invocations=7 (full 1):
 PSYoungGen      total 90624K, used 10737K [0x00000000d7100000, 0x00000000dec80000, 0x0000000100000000)
  eden space 79872K, 0% used [0x00000000d7100000,0x00000000d7100000,0x00000000dbf00000)
  from space 10752K, 99% used [0x00000000dcb80000,0x00000000dd5fc730,0x00000000dd600000)
  to   space 12800K, 0% used [0x00000000dbf00000,0x00000000dbf00000,0x00000000dcb80000)
 ParOldGen       total 57856K, used 15853K [0x0000000085200000, 0x0000000088a80000, 0x00000000d7100000)
  object space 57856K, 27% used [0x0000000085200000,0x000000008617b678,0x0000000088a80000)
 Metaspace       used 28789K, capacity 30052K, committed 30336K, reserved 1075200K
  class space    used 3880K, capacity 4138K, committed 4224K, reserved 1048576K
}
Event: 19.795 GC heap before
{Heap before GC invocations=8 (full 1):
 PSYoungGen      total 90624K, used 90609K [0x00000000d7100000, 0x00000000dec80000, 0x0000000100000000)
  eden space 79872K, 100% used [0x00000000d7100000,0x00000000dbf00000,0x00000000dbf00000)
  from space 10752K, 99% used [0x00000000dcb80000,0x00000000dd5fc730,0x00000000dd600000)
  to   space 12800K, 0% used [0x00000000dbf00000,0x00000000dbf00000,0x00000000dcb80000)
 ParOldGen       total 57856K, used 15853K [0x0000000085200000, 0x0000000088a80000, 0x00000000d7100000)
  object space 57856K, 27% used [0x0000000085200000,0x000000008617b678,0x0000000088a80000)
 Metaspace       used 31688K, capacity 33174K, committed 33280K, reserved 1077248K
  class space    used 4287K, capacity 4595K, committed 4608K, reserved 1048576K
Event: 19.836 GC heap after
Heap after GC invocations=8 (full 1):
 PSYoungGen      total 92672K, used 12607K [0x00000000d7100000, 0x00000000e0600000, 0x0000000100000000)
  eden space 79872K, 0% used [0x00000000d7100000,0x00000000d7100000,0x00000000dbf00000)
  from space 12800K, 98% used [0x00000000dbf00000,0x00000000dcb4fc00,0x00000000dcb80000)
  to   space 14336K, 0% used [0x00000000df800000,0x00000000df800000,0x00000000e0600000)
 ParOldGen       total 57856K, used 15861K [0x0000000085200000, 0x0000000088a80000, 0x00000000d7100000)
  object space 57856K, 27% used [0x0000000085200000,0x000000008617d678,0x0000000088a80000)
 Metaspace       used 31688K, capacity 33174K, committed 33280K, reserved 1077248K
  class space    used 4287K, capacity 4595K, committed 4608K, reserved 1048576K
}
Event: 31.008 GC heap before
{Heap before GC invocations=9 (full 1):
 PSYoungGen      total 92672K, used 22960K [0x00000000d7100000, 0x00000000e0600000, 0x0000000100000000)
  eden space 79872K, 12% used [0x00000000d7100000,0x00000000d7b1c7c0,0x00000000dbf00000)
  from space 12800K, 98% used [0x00000000dbf00000,0x00000000dcb4fc00,0x00000000dcb80000)
  to   space 14336K, 0% used [0x00000000df800000,0x00000000df800000,0x00000000e0600000)
 ParOldGen       total 57856K, used 15861K [0x0000000085200000, 0x0000000088a80000, 0x00000000d7100000)
  object space 57856K, 27% used [0x0000000085200000,0x000000008617d678,0x0000000088a80000)
 Metaspace       used 33923K, capacity 35412K, committed 35496K, reserved 1079296K
  class space    used 4504K, capacity 4798K, committed 4864K, reserved 1048576K
Event: 31.045 GC heap after
Heap after GC invocations=9 (full 1):
 PSYoungGen      total 131072K, used 10284K [0x00000000d7100000, 0x00000000e0280000, 0x0000000100000000)
  eden space 120320K, 0% used [0x00000000d7100000,0x00000000d7100000,0x00000000de680000)
  from space 10752K, 95% used [0x00000000df800000,0x00000000e020b3b8,0x00000000e0280000)
  to   space 14336K, 0% used [0x00000000de680000,0x00000000de680000,0x00000000df480000)
 ParOldGen       total 57856K, used 18225K [0x0000000085200000, 0x0000000088a80000, 0x00000000d7100000)
  object space 57856K, 31% used [0x0000000085200000,0x00000000863cc460,0x0000000088a80000)
 Metaspace       used 33923K, capacity 35412K, committed 35496K, reserved 1079296K
  class space    used 4504K, capacity 4798K, committed 4864K, reserved 1048576K
}
Event: 31.045 GC heap before
{Heap before GC invocations=10 (full 2):
 PSYoungGen      total 131072K, used 10284K [0x00000000d7100000, 0x00000000e0280000, 0x0000000100000000)
  eden space 120320K, 0% used [0x00000000d7100000,0x00000000d7100000,0x00000000de680000)
  from space 10752K, 95% used [0x00000000df800000,0x00000000e020b3b8,0x00000000e0280000)
  to   space 14336K, 0% used [0x00000000de680000,0x00000000de680000,0x00000000df480000)
 ParOldGen       total 57856K, used 18225K [0x0000000085200000, 0x0000000088a80000, 0x00000000d7100000)
  object space 57856K, 31% used [0x0000000085200000,0x00000000863cc460,0x0000000088a80000)
 Metaspace       used 33923K, capacity 35412K, committed 35496K, reserved 1079296K
  class space    used 4504K, capacity 4798K, committed 4864K, reserved 1048576K
Event: 31.287 GC heap after
Heap after GC invocations=10 (full 2):
 PSYoungGen      total 131072K, used 0K [0x00000000d7100000, 0x00000000e0280000, 0x0000000100000000)
  eden space 120320K, 0% used [0x00000000d7100000,0x00000000d7100000,0x00000000de680000)
  from space 10752K, 0% used [0x00000000df800000,0x00000000df800000,0x00000000e0280000)
  to   space 14336K, 0% used [0x00000000de680000,0x00000000de680000,0x00000000df480000)
 ParOldGen       total 93696K, used 19135K [0x0000000085200000, 0x000000008ad80000, 0x00000000d7100000)
  object space 93696K, 20% used [0x0000000085200000,0x00000000864afc08,0x000000008ad80000)
 Metaspace       used 33923K, capacity 35412K, committed 35496K, reserved 1079296K
  class space    used 4504K, capacity 4798K, committed 4864K, reserved 1048576K
}

